<?xml version="1.0" encoding="UTF-8"?>
<!-- Generated by org.testng.reporters.JUnitXMLReporter -->
<testsuite hostname="DESKTOP-9B2566O" ignored="0" name="Default test" tests="4" failures="0" timestamp="01 Aug 2020 14:04:17 GMT" time="34.066" errors="0">
  <testcase name="livingMenuDisplay" time="0.707" classname="com.test.LivingPageTest"/>
  <testcase name="sofa_setSubmenu_Display" time="0.302" classname="com.test.LivingPageTest"/>
  <testcase name="getSofa_set_SubmenuText" time="0.242" classname="com.test.LivingPageTest"/>
  <testcase name="getSofasetItems" time="0.842" classname="com.test.LivingPageTest"/>
</testsuite> <!-- Default test -->
