<?xml version="1.0" encoding="UTF-8"?>
<!-- Generated by org.testng.reporters.JUnitXMLReporter -->
<testsuite ignored="0" hostname="User" failures="1" tests="13" name="Default test" time="62.962" errors="0" timestamp="07 Aug 2020 02:15:40 GMT">
  <testcase classname="com.test.LivingPageTest" name="livingMenuDisplay" time="0.632"/>
  <testcase classname="com.test.LivingPageTest" name="get_Sofa_set_SubmenuText" time="0.17">
    <failure type="org.junit.ComparisonFailure" message="expected:&amp;lt;[]&amp;gt; but was:&amp;lt;[Sofa Set]&amp;gt;">
      <![CDATA[org.junit.ComparisonFailure: expected:<[]> but was:<[Sofa Set]>
at org.junit.Assert.assertEquals(Assert.java:125)
at org.junit.Assert.assertEquals(Assert.java:147)
at com.test.LivingPageTest.get_Sofa_set_SubmenuText(LivingPageTest.java:50)
at java.base/jdk.internal.reflect.NativeMethodAccessorImpl.invoke0(Native Method)
at java.base/jdk.internal.reflect.NativeMethodAccessorImpl.invoke(NativeMethodAccessorImpl.java:62)
at java.base/jdk.internal.reflect.DelegatingMethodAccessorImpl.invoke(DelegatingMethodAccessorImpl.java:43)
at java.base/java.lang.reflect.Method.invoke(Method.java:567)
at org.testng.internal.MethodInvocationHelper.invokeMethod(MethodInvocationHelper.java:124)
at org.testng.internal.Invoker.invokeMethod(Invoker.java:583)
at org.testng.internal.Invoker.invokeTestMethod(Invoker.java:719)
at org.testng.internal.Invoker.invokeTestMethods(Invoker.java:989)
at org.testng.internal.TestMethodWorker.invokeTestMethods(TestMethodWorker.java:125)
at org.testng.internal.TestMethodWorker.run(TestMethodWorker.java:109)
at org.testng.TestRunner.privateRun(TestRunner.java:648)
at org.testng.TestRunner.run(TestRunner.java:505)
at org.testng.SuiteRunner.runTest(SuiteRunner.java:455)
at org.testng.SuiteRunner.runSequentially(SuiteRunner.java:450)
at org.testng.SuiteRunner.privateRun(SuiteRunner.java:415)
at org.testng.SuiteRunner.run(SuiteRunner.java:364)
at org.testng.SuiteRunnerWorker.runSuite(SuiteRunnerWorker.java:52)
at org.testng.SuiteRunnerWorker.run(SuiteRunnerWorker.java:84)
at org.testng.TestNG.runSuitesSequentially(TestNG.java:1208)
at org.testng.TestNG.runSuitesLocally(TestNG.java:1137)
at org.testng.TestNG.runSuites(TestNG.java:1049)
at org.testng.TestNG.run(TestNG.java:1017)
at org.testng.remote.AbstractRemoteTestNG.run(AbstractRemoteTestNG.java:115)
at org.testng.remote.RemoteTestNG.initAndRun(RemoteTestNG.java:251)
at org.testng.remote.RemoteTestNG.main(RemoteTestNG.java:77)
]]>
    </failure>
  </testcase> <!-- get_Sofa_set_SubmenuText -->
  <testcase classname="com.test.LivingPageTest" name="get_Sofa_set_SubMenuList" time="0.744"/>
  <testcase classname="com.test.LivingPageTest" name="get_Sofa_cum_Bed_SubmenuText" time="0.107"/>
  <testcase classname="com.test.LivingPageTest" name="get_Sofa_cum_Bed_SubMenuList" time="0.546"/>
  <testcase classname="com.test.LivingPageTest" name="get_Chair_SubMenuText" time="0.139"/>
  <testcase classname="com.test.LivingPageTest" name="get_Chair_SubMenuList" time="0.622"/>
  <testcase classname="com.test.LivingPageTest" name="get_Tables_SubMenuText" time="0.117"/>
  <testcase classname="com.test.LivingPageTest" name="get_Tables_SubMenuList" time="0.336"/>
  <testcase classname="com.test.LivingPageTest" name="get_Storage_SubMenuText" time="0.096"/>
  <testcase classname="com.test.LivingPageTest" name="get_Storage_SubMenuList" time="0.653"/>
  <testcase classname="com.test.LivingPageTest" name="get_Balcony_And_Outdoor_SubMenuText" time="0.108"/>
  <testcase classname="com.test.LivingPageTest" name="get_Balcony_And_Outdoor_SubMenu_List_SubMenuList" time="0.278"/>
</testsuite> <!-- Default test -->
